Using pre-set license
Built from '2020.3/staging' branch; Version is '2020.3.33f1 (915a7af8b0d5) revision 9525882'; Using compiler version '192528614'; Build Type 'Release'
OS: 'Windows 10  (10.0.19045) 64bit CoreSingleLanguage' Language: 'ru' Physical Memory: 15807 MB
BatchMode: 1, IsHumanControllingUs: 0, StartBugReporterOnCrash: 0, Is64bit: 1, IsPro: 0

COMMAND LINE ARGUMENTS:
C:\Program Files\Unity\Hub\Editor\2020.3.33f1\Editor\Unity.exe
-adb2
-batchMode
-noUpm
-name
AssetImportWorker0
-projectPath
E:/Farm-Farm-Farm/GitHub Folder/Farm-Farm-Farm
-logFile
Logs/AssetImportWorker0.log
-srvPort
55294
Successfully changed project path to: E:/Farm-Farm-Farm/GitHub Folder/Farm-Farm-Farm
E:/Farm-Farm-Farm/GitHub Folder/Farm-Farm-Farm
Using Asset Import Pipeline V2.
Refreshing native plugins compatible for Editor in 83.24 ms, found 3 plugins.
Preloading 0 native plugins for Editor in 0.00 ms.
Initialize engine version: 2020.3.33f1 (915a7af8b0d5)
[Subsystems] Discovering subsystems at path C:/Program Files/Unity/Hub/Editor/2020.3.33f1/Editor/Data/Resources/UnitySubsystems
[Subsystems] Discovering subsystems at path E:/Farm-Farm-Farm/GitHub Folder/Farm-Farm-Farm/Assets
GfxDevice: creating device client; threaded=0
Direct3D:
    Version:  Direct3D 11.0 [level 11.1]
    Renderer: NVIDIA GeForce GTX 1660 Ti (ID=0x2191)
    Vendor:   
    VRAM:     5991 MB
    Driver:   30.0.15.1278
Initialize mono
Mono path[0] = 'C:/Program Files/Unity/Hub/Editor/2020.3.33f1/Editor/Data/Managed'
Mono path[1] = 'C:/Program Files/Unity/Hub/Editor/2020.3.33f1/Editor/Data/MonoBleedingEdge/lib/mono/unityjit'
Mono config path = 'C:/Program Files/Unity/Hub/Editor/2020.3.33f1/Editor/Data/MonoBleedingEdge/etc'
Using monoOptions --debugger-agent=transport=dt_socket,embedding=1,server=y,suspend=n,address=127.0.0.1:56808
Begin MonoManager ReloadAssembly
Registering precompiled unity dll's ...
Register platform support module: C:/Program Files/Unity/Hub/Editor/2020.3.33f1/Editor/Data/PlaybackEngines/WebGLSupport/UnityEditor.WebGL.Extensions.dll
Register platform support module: C:/Program Files/Unity/Hub/Editor/2020.3.33f1/Editor/Data/PlaybackEngines/WindowsStandaloneSupport/UnityEditor.WindowsStandalone.Extensions.dll
Registered in 0.003804 seconds.
Native extension for WindowsStandalone target not found
Native extension for WebGL target not found
Refreshing native plugins compatible for Editor in 64.26 ms, found 3 plugins.
Preloading 0 native plugins for Editor in 0.00 ms.
Mono: successfully reloaded assembly
- Completed reload, in  0.924 seconds
Domain Reload Profiling:
	ReloadAssembly (925ms)
		BeginReloadAssembly (170ms)
			ExecutionOrderSort (0ms)
			DisableScriptedObjects (0ms)
			BackupInstance (0ms)
			ReleaseScriptingObjects (0ms)
			CreateAndSetChildDomain (1ms)
		EndReloadAssembly (636ms)
			LoadAssemblies (167ms)
			RebuildTransferFunctionScriptingTraits (0ms)
			SetupTypeCache (216ms)
			ReleaseScriptCaches (0ms)
			RebuildScriptCaches (39ms)
			SetupLoadedEditorAssemblies (245ms)
				LogAssemblyErrors (0ms)
				InitializePlatformSupportModulesInManaged (8ms)
				SetLoadedEditorAssemblies (0ms)
				RefreshPlugins (64ms)
				BeforeProcessingInitializeOnLoad (20ms)
				ProcessInitializeOnLoadAttributes (113ms)
				ProcessInitializeOnLoadMethodAttributes (40ms)
				AfterProcessingInitializeOnLoad (0ms)
				EditorAssembliesLoaded (0ms)
			ExecutionOrderSort2 (0ms)
			AwakeInstancesAfterBackupRestoration (0ms)
Platform modules already initialized, skipping
Registering precompiled user dll's ...
Registered in 0.005332 seconds.
Begin MonoManager ReloadAssembly
Symbol file LoadedFromMemory doesn't match image E:\Farm-Farm-Farm\GitHub Folder\Farm-Farm-Farm\Library\PackageCache\com.unity.collab-proxy@1.15.15\Lib\Editor\PlasticSCM\unityplastic.dll
Native extension for WindowsStandalone target not found
Native extension for WebGL target not found
Refreshing native plugins compatible for Editor in 59.66 ms, found 3 plugins.
Preloading 0 native plugins for Editor in 0.00 ms.
Mono: successfully reloaded assembly
- Completed reload, in  1.835 seconds
Domain Reload Profiling:
	ReloadAssembly (1837ms)
		BeginReloadAssembly (327ms)
			ExecutionOrderSort (0ms)
			DisableScriptedObjects (10ms)
			BackupInstance (0ms)
			ReleaseScriptingObjects (0ms)
			CreateAndSetChildDomain (38ms)
		EndReloadAssembly (1369ms)
			LoadAssemblies (213ms)
			RebuildTransferFunctionScriptingTraits (0ms)
			SetupTypeCache (405ms)
			ReleaseScriptCaches (1ms)
			RebuildScriptCaches (87ms)
			SetupLoadedEditorAssemblies (542ms)
				LogAssemblyErrors (0ms)
				InitializePlatformSupportModulesInManaged (8ms)
				SetLoadedEditorAssemblies (0ms)
				RefreshPlugins (66ms)
				BeforeProcessingInitializeOnLoad (117ms)
				ProcessInitializeOnLoadAttributes (300ms)
				ProcessInitializeOnLoadMethodAttributes (35ms)
				AfterProcessingInitializeOnLoad (16ms)
				EditorAssembliesLoaded (0ms)
			ExecutionOrderSort2 (0ms)
			AwakeInstancesAfterBackupRestoration (14ms)
Platform modules already initialized, skipping
========================================================================
Worker process is ready to serve import requests
Launched and connected shader compiler UnityShaderCompiler.exe after 0.09 seconds
Refreshing native plugins compatible for Editor in 0.56 ms, found 3 plugins.
Preloading 0 native plugins for Editor in 0.00 ms.
Unloading 2202 Unused Serialized files (Serialized files now loaded: 0)
System memory in use before: 97.1 MB.
System memory in use after: 97.0 MB.

Unloading 31 unused Assets to reduce memory usage. Loaded Objects now: 2633.
Total: 3.677300 ms (FindLiveObjects: 0.258600 ms CreateObjectMapping: 0.070800 ms MarkObjects: 3.160200 ms  DeleteObjects: 0.186500 ms)

AssetImportParameters requested are different than current active one (requested -> active):
  custom:framework-win-MediaFoundation: 216162199b28c13a410421893ffa2e32 -> 
  custom:video-decoder-ogg-theora: a1e56fd34408186e4bbccfd4996cb3dc -> 
  custom:container-muxer-webm: aa71ff27fc2769a1b78a27578f13a17b -> 
  custom:container-demuxer-webm: 4f35f7cbe854078d1ac9338744f61a02 -> 
  custom:container-demuxer-ogg: 62fdf1f143b41e24485cea50d1cbac27 -> 
  custom:video-encoder-webm-vp8: eb34c28f22e8b96e1ab97ce403110664 -> 
  custom:video-codec-MediaFoundation-h265: 746d11721c4dcdbdad8f713fa42b33f4 -> 
  custom:video-decoder-webm-vp8: 9c59270c3fd7afecdb556c50c9e8de78 -> 
  custom:audio-decoder-ogg-vorbis: bf7c407c2cedff20999df2af8eb42d56 -> 
  custom:audio-encoder-webm-vorbis: bf7c407c2cedff20999df2af8eb42d56 -> 
========================================================================
Received Import Request.
  path: Assets
  artifactKey: Guid(00000000000000001000000000000000) Importer(815301076,1909f56bfc062723c751e8b465ee728b)
Start importing Assets using Guid(00000000000000001000000000000000) Importer(815301076,1909f56bfc062723c751e8b465ee728b)  -> (artifact id: '42d402b061de3733987d63b9cc3b64de') in 0.084112 seconds 
========================================================================
Received Import Request.
  Time since last request: 211.170296 seconds.
  path: Assets/Assets
  artifactKey: Guid(334ecdc5df1274e4d83c9111808485bc) Importer(815301076,1909f56bfc062723c751e8b465ee728b)
Start importing Assets/Assets using Guid(334ecdc5df1274e4d83c9111808485bc) Importer(815301076,1909f56bfc062723c751e8b465ee728b)  -> (artifact id: '2236874bac546aa0badfc8bf919facf7') in 0.451668 seconds 
========================================================================
Received Import Request.
  Time since last request: 10.414365 seconds.
  path: Assets/Assets/Scripts
  artifactKey: Guid(2fe38e925f77c714aac5feeacbb96425) Importer(815301076,1909f56bfc062723c751e8b465ee728b)
Start importing Assets/Assets/Scripts using Guid(2fe38e925f77c714aac5feeacbb96425) Importer(815301076,1909f56bfc062723c751e8b465ee728b)  -> (artifact id: 'c2809f1bc37da42aaf57016430495edd') in 0.914002 seconds 
========================================================================
Received Import Request.
  Time since last request: 7.773441 seconds.
  path: Assets/Assets/Sprites
  artifactKey: Guid(3c1012e18035d484fadd407e2cbe46eb) Importer(815301076,1909f56bfc062723c751e8b465ee728b)
Start importing Assets/Assets/Sprites using Guid(3c1012e18035d484fadd407e2cbe46eb) Importer(815301076,1909f56bfc062723c751e8b465ee728b)  -> (artifact id: '3abdd2ad26c629745a784754598aedda') in 0.094133 seconds 
========================================================================
Received Prepare
Registering precompiled user dll's ...
Registered in 0.004620 seconds.
Begin MonoManager ReloadAssembly
Symbol file LoadedFromMemory doesn't match image E:\Farm-Farm-Farm\GitHub Folder\Farm-Farm-Farm\Library\PackageCache\com.unity.collab-proxy@1.15.15\Lib\Editor\PlasticSCM\unityplastic.dll
Native extension for WindowsStandalone target not found
Native extension for WebGL target not found
Refreshing native plugins compatible for Editor in 0.70 ms, found 3 plugins.
Preloading 0 native plugins for Editor in 0.00 ms.
Mono: successfully reloaded assembly
- Completed reload, in  1.459 seconds
Domain Reload Profiling:
	ReloadAssembly (1460ms)
		BeginReloadAssembly (186ms)
			ExecutionOrderSort (0ms)
			DisableScriptedObjects (10ms)
			BackupInstance (0ms)
			ReleaseScriptingObjects (0ms)
			CreateAndSetChildDomain (51ms)
		EndReloadAssembly (1176ms)
			LoadAssemblies (167ms)
			RebuildTransferFunctionScriptingTraits (0ms)
			SetupTypeCache (409ms)
			ReleaseScriptCaches (1ms)
			RebuildScriptCaches (55ms)
			SetupLoadedEditorAssemblies (427ms)
				LogAssemblyErrors (0ms)
				InitializePlatformSupportModulesInManaged (8ms)
				SetLoadedEditorAssemblies (1ms)
				RefreshPlugins (1ms)
				BeforeProcessingInitializeOnLoad (113ms)
				ProcessInitializeOnLoadAttributes (269ms)
				ProcessInitializeOnLoadMethodAttributes (19ms)
				AfterProcessingInitializeOnLoad (15ms)
				EditorAssembliesLoaded (0ms)
			ExecutionOrderSort2 (0ms)
			AwakeInstancesAfterBackupRestoration (19ms)
Platform modules already initialized, skipping
Refreshing native plugins compatible for Editor in 0.85 ms, found 3 plugins.
Preloading 0 native plugins for Editor in 0.00 ms.
Unloading 2244 Unused Serialized files (Serialized files now loaded: 0)
System memory in use before: 100.0 MB.
System memory in use after: 99.3 MB.

Unloading 33 unused Assets to reduce memory usage. Loaded Objects now: 2670.
Total: 4.930300 ms (FindLiveObjects: 0.271600 ms CreateObjectMapping: 0.076800 ms MarkObjects: 4.021000 ms  DeleteObjects: 0.559300 ms)

AssetImportParameters requested are different than current active one (requested -> active):
  custom:framework-win-MediaFoundation: 216162199b28c13a410421893ffa2e32 -> 
  custom:video-decoder-ogg-theora: a1e56fd34408186e4bbccfd4996cb3dc -> 
  custom:container-muxer-webm: aa71ff27fc2769a1b78a27578f13a17b -> 
  custom:container-demuxer-webm: 4f35f7cbe854078d1ac9338744f61a02 -> 
  custom:container-demuxer-ogg: 62fdf1f143b41e24485cea50d1cbac27 -> 
  custom:video-encoder-webm-vp8: eb34c28f22e8b96e1ab97ce403110664 -> 
  custom:video-codec-MediaFoundation-h265: 746d11721c4dcdbdad8f713fa42b33f4 -> 
  custom:video-decoder-webm-vp8: 9c59270c3fd7afecdb556c50c9e8de78 -> 
  custom:audio-decoder-ogg-vorbis: bf7c407c2cedff20999df2af8eb42d56 -> 
  custom:audio-encoder-webm-vorbis: bf7c407c2cedff20999df2af8eb42d56 -> 
========================================================================
Received Import Request.
  Time since last request: 795.104182 seconds.
  path: Assets/Assets/Sprites/block.png
  artifactKey: Guid(55666017cafb3324f8f489868a715404) Importer(815301076,1909f56bfc062723c751e8b465ee728b)
Start importing Assets/Assets/Sprites/block.png using Guid(55666017cafb3324f8f489868a715404) Importer(815301076,1909f56bfc062723c751e8b465ee728b)  -> (artifact id: '5d51671afd4346e724c39adf42ddafef') in 0.220012 seconds 
========================================================================
Received Import Request.
  Time since last request: 0.000335 seconds.
  path: Assets/Assets/Sprites/block2.png
  artifactKey: Guid(5f73f6fe1be76324c855be45a4782662) Importer(815301076,1909f56bfc062723c751e8b465ee728b)
Start importing Assets/Assets/Sprites/block2.png using Guid(5f73f6fe1be76324c855be45a4782662) Importer(815301076,1909f56bfc062723c751e8b465ee728b)  -> (artifact id: '5638889bd6a85f4b14215960e8fc5777') in 0.029291 seconds 
========================================================================
Received Import Request.
  Time since last request: 0.000370 seconds.
  path: Assets/Assets/Sprites/block1.png
  artifactKey: Guid(51bb2bbd8ea57dc408d9316bc8469762) Importer(815301076,1909f56bfc062723c751e8b465ee728b)
Start importing Assets/Assets/Sprites/block1.png using Guid(51bb2bbd8ea57dc408d9316bc8469762) Importer(815301076,1909f56bfc062723c751e8b465ee728b)  -> (artifact id: '81d7baae062d1d35464c2c3b8bbe3d59') in 0.028016 seconds 
========================================================================
Received Import Request.
  Time since last request: 534.064902 seconds.
  path: Assets/Assets/Tile  Palette.prefab
  artifactKey: Guid(c4b23adb23a0a3b4888d1cdd5486a302) Importer(815301076,1909f56bfc062723c751e8b465ee728b)
Start importing Assets/Assets/Tile  Palette.prefab using Guid(c4b23adb23a0a3b4888d1cdd5486a302) Importer(815301076,1909f56bfc062723c751e8b465ee728b)  -> (artifact id: '3e361d67f70ee6412d7b8abf60033d8f') in 0.390585 seconds 
========================================================================
Received Import Request.
  Time since last request: 13.053620 seconds.
  path: Assets/Assets/Sprites/block.asset
  artifactKey: Guid(ae91cd5ec8b04634f8b6fef5ad27d270) Importer(815301076,1909f56bfc062723c751e8b465ee728b)
Start importing Assets/Assets/Sprites/block.asset using Guid(ae91cd5ec8b04634f8b6fef5ad27d270) Importer(815301076,1909f56bfc062723c751e8b465ee728b)  -> (artifact id: '3dc0fe2891596b13112df90b5b3421bf') in 0.194689 seconds 
========================================================================
Received Import Request.
  Time since last request: 21.612119 seconds.
  path: Assets/Assets/Tile  Palette.prefab
  artifactKey: Guid(c4b23adb23a0a3b4888d1cdd5486a302) Importer(815301076,1909f56bfc062723c751e8b465ee728b)
Start importing Assets/Assets/Tile  Palette.prefab using Guid(c4b23adb23a0a3b4888d1cdd5486a302) Importer(815301076,1909f56bfc062723c751e8b465ee728b)  -> (artifact id: 'e70fbef516736b94f3f79ee6607731e2') in 0.817444 seconds 
========================================================================
Received Import Request.
  Time since last request: 292.319246 seconds.
  path: Assets/Assets/Sprites/block1.asset
  artifactKey: Guid(cd5f3cffbee6f1b49bf56b05d4054384) Importer(815301076,1909f56bfc062723c751e8b465ee728b)
Start importing Assets/Assets/Sprites/block1.asset using Guid(cd5f3cffbee6f1b49bf56b05d4054384) Importer(815301076,1909f56bfc062723c751e8b465ee728b)  -> (artifact id: '8d4a3826798e4f4f47067a545889b459') in 0.144013 seconds 
========================================================================
Received Import Request.
  Time since last request: 192.809478 seconds.
  path: Assets/Assets/Sprites/block.png
  artifactKey: Guid(55666017cafb3324f8f489868a715404) Importer(815301076,1909f56bfc062723c751e8b465ee728b)
Start importing Assets/Assets/Sprites/block.png using Guid(55666017cafb3324f8f489868a715404) Importer(815301076,1909f56bfc062723c751e8b465ee728b)  -> (artifact id: '6149728ecdf47c9d2bec18a5ab7e25d3') in 0.045975 seconds 
AssetImportWorkerClient::OnTransportError - code=2 error=End of file
